{"level":"info","message":"Listening on port 3000...","timestamp":"2020-08-18T15:20:13.415Z"}
{"level":"info","message":"Connected to mongodb://localhost/vidly...","timestamp":"2020-08-18T15:20:13.427Z"}
{"message":"Joi.validate is not a function","stack":"TypeError: Joi.validate is not a function\n    at validateUser (C:\\Users\\Henry\\Documents\\Node\\vidly\\models\\user.js:43:14)\n    at C:\\Users\\Henry\\Documents\\Node\\vidly\\routes\\users.js:17:21\n    at newFn (C:\\Users\\Henry\\Documents\\Node\\vidly\\node_modules\\express-async-errors\\index.js:16:20)\n    at Layer.handle [as handle_request] (C:\\Users\\Henry\\Documents\\Node\\vidly\\node_modules\\express\\lib\\router\\layer.js:95:5)\n    at next (C:\\Users\\Henry\\Documents\\Node\\vidly\\node_modules\\express\\lib\\router\\route.js:137:13)\n    at Route.dispatch (C:\\Users\\Henry\\Documents\\Node\\vidly\\node_modules\\express\\lib\\router\\route.js:112:3)\n    at newFn (C:\\Users\\Henry\\Documents\\Node\\vidly\\node_modules\\express-async-errors\\index.js:16:20)\n    at Layer.handle [as handle_request] (C:\\Users\\Henry\\Documents\\Node\\vidly\\node_modules\\express\\lib\\router\\layer.js:95:5)\n    at C:\\Users\\Henry\\Documents\\Node\\vidly\\node_modules\\express\\lib\\router\\index.js:281:22\n    at Function.process_params (C:\\Users\\Henry\\Documents\\Node\\vidly\\node_modules\\express\\lib\\router\\index.js:335:12)\n    at next (C:\\Users\\Henry\\Documents\\Node\\vidly\\node_modules\\express\\lib\\router\\index.js:275:10)\n    at Function.handle (C:\\Users\\Henry\\Documents\\Node\\vidly\\node_modules\\express\\lib\\router\\index.js:174:3)\n    at router (C:\\Users\\Henry\\Documents\\Node\\vidly\\node_modules\\express\\lib\\router\\index.js:47:12)\n    at newFn (C:\\Users\\Henry\\Documents\\Node\\vidly\\node_modules\\express-async-errors\\index.js:16:20)\n    at Layer.handle [as handle_request] (C:\\Users\\Henry\\Documents\\Node\\vidly\\node_modules\\express\\lib\\router\\layer.js:95:5)\n    at trim_prefix (C:\\Users\\Henry\\Documents\\Node\\vidly\\node_modules\\express\\lib\\router\\index.js:317:13)\n    at C:\\Users\\Henry\\Documents\\Node\\vidly\\node_modules\\express\\lib\\router\\index.js:284:7\n    at Function.process_params (C:\\Users\\Henry\\Documents\\Node\\vidly\\node_modules\\express\\lib\\router\\index.js:335:12)\n    at next (C:\\Users\\Henry\\Documents\\Node\\vidly\\node_modules\\express\\lib\\router\\index.js:275:10)\n    at C:\\Users\\Henry\\Documents\\Node\\vidly\\node_modules\\body-parser\\lib\\read.js:130:5\n    at invokeCallback (C:\\Users\\Henry\\Documents\\Node\\vidly\\node_modules\\raw-body\\index.js:224:16)\n    at done (C:\\Users\\Henry\\Documents\\Node\\vidly\\node_modules\\raw-body\\index.js:213:7)","level":"error","timestamp":"2020-08-18T15:20:39.484Z"}
{"level":"info","message":"Listening on port 3000...","timestamp":"2020-08-18T15:43:50.470Z"}
{"level":"info","message":"Connected to mongodb://localhost/vidly...","timestamp":"2020-08-18T15:43:50.483Z"}
{"message":"Joi.validate is not a function","stack":"TypeError: Joi.validate is not a function\n    at validateUser (C:\\Users\\Henry\\Documents\\Node\\vidly\\models\\user.js:43:14)\n    at C:\\Users\\Henry\\Documents\\Node\\vidly\\routes\\users.js:17:21\n    at newFn (C:\\Users\\Henry\\Documents\\Node\\vidly\\node_modules\\express-async-errors\\index.js:16:20)\n    at Layer.handle [as handle_request] (C:\\Users\\Henry\\Documents\\Node\\vidly\\node_modules\\express\\lib\\router\\layer.js:95:5)\n    at next (C:\\Users\\Henry\\Documents\\Node\\vidly\\node_modules\\express\\lib\\router\\route.js:137:13)\n    at Route.dispatch (C:\\Users\\Henry\\Documents\\Node\\vidly\\node_modules\\express\\lib\\router\\route.js:112:3)\n    at newFn (C:\\Users\\Henry\\Documents\\Node\\vidly\\node_modules\\express-async-errors\\index.js:16:20)\n    at Layer.handle [as handle_request] (C:\\Users\\Henry\\Documents\\Node\\vidly\\node_modules\\express\\lib\\router\\layer.js:95:5)\n    at C:\\Users\\Henry\\Documents\\Node\\vidly\\node_modules\\express\\lib\\router\\index.js:281:22\n    at Function.process_params (C:\\Users\\Henry\\Documents\\Node\\vidly\\node_modules\\express\\lib\\router\\index.js:335:12)\n    at next (C:\\Users\\Henry\\Documents\\Node\\vidly\\node_modules\\express\\lib\\router\\index.js:275:10)\n    at Function.handle (C:\\Users\\Henry\\Documents\\Node\\vidly\\node_modules\\express\\lib\\router\\index.js:174:3)\n    at router (C:\\Users\\Henry\\Documents\\Node\\vidly\\node_modules\\express\\lib\\router\\index.js:47:12)\n    at newFn (C:\\Users\\Henry\\Documents\\Node\\vidly\\node_modules\\express-async-errors\\index.js:16:20)\n    at Layer.handle [as handle_request] (C:\\Users\\Henry\\Documents\\Node\\vidly\\node_modules\\express\\lib\\router\\layer.js:95:5)\n    at trim_prefix (C:\\Users\\Henry\\Documents\\Node\\vidly\\node_modules\\express\\lib\\router\\index.js:317:13)\n    at C:\\Users\\Henry\\Documents\\Node\\vidly\\node_modules\\express\\lib\\router\\index.js:284:7\n    at Function.process_params (C:\\Users\\Henry\\Documents\\Node\\vidly\\node_modules\\express\\lib\\router\\index.js:335:12)\n    at next (C:\\Users\\Henry\\Documents\\Node\\vidly\\node_modules\\express\\lib\\router\\index.js:275:10)\n    at C:\\Users\\Henry\\Documents\\Node\\vidly\\node_modules\\body-parser\\lib\\read.js:130:5\n    at invokeCallback (C:\\Users\\Henry\\Documents\\Node\\vidly\\node_modules\\raw-body\\index.js:224:16)\n    at done (C:\\Users\\Henry\\Documents\\Node\\vidly\\node_modules\\raw-body\\index.js:213:7)","level":"error","timestamp":"2020-08-18T15:43:59.669Z"}
{"level":"info","message":"Listening on port 3000...","timestamp":"2020-08-18T15:45:37.822Z"}
{"level":"info","message":"Connected to mongodb://localhost/vidly...","timestamp":"2020-08-18T15:45:37.835Z"}
{"level":"info","message":"Listening on port 3000...","timestamp":"2020-08-18T15:51:54.505Z"}
{"level":"info","message":"Connected to mongodb://localhost/vidly_tests...","timestamp":"2020-08-18T15:51:54.521Z"}
{"level":"info","message":"Listening on port 3000...","timestamp":"2020-08-18T15:51:54.515Z"}
{"level":"info","message":"Connected to mongodb://localhost/vidly_tests...","timestamp":"2020-08-18T15:51:54.530Z"}
{"level":"info","message":"Connected to mongodb://localhost/vidly_tests...","timestamp":"2020-08-18T15:51:54.547Z"}
{"level":"info","message":"Listening on port 3000...","timestamp":"2020-08-18T15:51:54.554Z"}
{"level":"info","message":"Listening on port 3000...","timestamp":"2020-08-18T15:51:57.557Z"}
{"level":"info","message":"Connected to mongodb://localhost/vidly_tests...","timestamp":"2020-08-18T15:51:57.590Z"}
{"level":"info","message":"Connected to mongodb://localhost/vidly_tests...","timestamp":"2020-08-18T15:51:57.592Z"}
{"level":"info","message":"Listening on port 3000...","timestamp":"2020-08-18T15:51:57.608Z"}
{"level":"info","message":"Connected to mongodb://localhost/vidly_tests...","timestamp":"2020-08-18T15:51:57.606Z"}
{"level":"info","message":"Listening on port 3000...","timestamp":"2020-08-18T15:51:57.617Z"}
{"level":"info","message":"Listening on port 3000...","timestamp":"2020-08-18T15:54:24.873Z"}
{"level":"info","message":"Connected to mongodb://localhost/vidly_tests...","timestamp":"2020-08-18T15:54:24.889Z"}
{"level":"info","message":"Connected to mongodb://localhost/vidly_tests...","timestamp":"2020-08-18T15:54:24.914Z"}
{"level":"info","message":"Listening on port 3000...","timestamp":"2020-08-18T15:54:24.925Z"}
{"level":"info","message":"Listening on port 3000...","timestamp":"2020-08-18T15:54:25.050Z"}
{"level":"info","message":"Connected to mongodb://localhost/vidly_tests...","timestamp":"2020-08-18T15:54:25.085Z"}
{"level":"info","message":"Listening on port 3000...","timestamp":"2020-08-18T15:54:42.411Z"}
{"level":"info","message":"Connected to mongodb://localhost/vidly_tests...","timestamp":"2020-08-18T15:54:42.425Z"}
{"level":"info","message":"Connected to mongodb://localhost/vidly_tests...","timestamp":"2020-08-18T15:54:42.444Z"}
{"level":"info","message":"Listening on port 3000...","timestamp":"2020-08-18T15:54:42.460Z"}
{"level":"info","message":"Listening on port 3000...","timestamp":"2020-08-18T15:54:42.634Z"}
{"level":"info","message":"Connected to mongodb://localhost/vidly_tests...","timestamp":"2020-08-18T15:54:42.666Z"}
{"level":"info","message":"Listening on port 3000...","timestamp":"2020-08-18T15:55:01.379Z"}
{"level":"info","message":"Connected to mongodb://localhost/vidly_tests...","timestamp":"2020-08-18T15:55:01.411Z"}
{"level":"info","message":"Connected to mongodb://localhost/vidly_tests...","timestamp":"2020-08-18T15:55:01.412Z"}
{"level":"info","message":"Connected to mongodb://localhost/vidly_tests...","timestamp":"2020-08-18T15:55:01.422Z"}
{"level":"info","message":"Listening on port 3000...","timestamp":"2020-08-18T15:55:01.430Z"}
{"level":"info","message":"Listening on port 3000...","timestamp":"2020-08-18T15:55:01.433Z"}
{"level":"info","message":"Listening on port 3000...","timestamp":"2020-08-18T15:55:32.180Z"}
{"level":"info","message":"Listening on port 3000...","timestamp":"2020-08-18T15:55:32.184Z"}
{"level":"info","message":"Connected to mongodb://localhost/vidly_tests...","timestamp":"2020-08-18T15:55:32.197Z"}
{"level":"info","message":"Connected to mongodb://localhost/vidly_tests...","timestamp":"2020-08-18T15:55:32.211Z"}
{"level":"info","message":"Connected to mongodb://localhost/vidly_tests...","timestamp":"2020-08-18T15:55:32.216Z"}
{"level":"info","message":"Listening on port 3000...","timestamp":"2020-08-18T15:55:32.222Z"}
{"level":"info","message":"Listening on port 3000...","timestamp":"2020-08-18T15:56:02.453Z"}
{"level":"info","message":"Connected to mongodb://localhost/vidly_tests...","timestamp":"2020-08-18T15:56:02.485Z"}
{"level":"info","message":"Connected to mongodb://localhost/vidly_tests...","timestamp":"2020-08-18T15:56:02.495Z"}
{"level":"info","message":"Listening on port 3000...","timestamp":"2020-08-18T15:56:02.498Z"}
{"level":"info","message":"Connected to mongodb://localhost/vidly_tests...","timestamp":"2020-08-18T15:56:02.511Z"}
{"level":"info","message":"Listening on port 3000...","timestamp":"2020-08-18T15:56:02.513Z"}
{"level":"info","message":"Listening on port 3000...","timestamp":"2020-08-18T15:58:30.926Z"}
{"level":"info","message":"Connected to mongodb://localhost/vidly_tests...","timestamp":"2020-08-18T15:58:30.959Z"}
{"level":"info","message":"Connected to mongodb://localhost/vidly_tests...","timestamp":"2020-08-18T15:58:30.968Z"}
{"level":"info","message":"Connected to mongodb://localhost/vidly_tests...","timestamp":"2020-08-18T15:58:30.976Z"}
{"level":"info","message":"Listening on port 3000...","timestamp":"2020-08-18T15:58:30.984Z"}
{"level":"info","message":"Listening on port 3000...","timestamp":"2020-08-18T15:58:30.989Z"}
{"level":"info","message":"Listening on port 3000...","timestamp":"2020-08-18T15:59:03.222Z"}
{"level":"info","message":"Connected to mongodb://localhost/vidly_tests...","timestamp":"2020-08-18T15:59:03.256Z"}
{"level":"info","message":"Connected to mongodb://localhost/vidly_tests...","timestamp":"2020-08-18T15:59:03.265Z"}
{"level":"info","message":"Listening on port 3000...","timestamp":"2020-08-18T15:59:03.276Z"}
{"level":"info","message":"Connected to mongodb://localhost/vidly_tests...","timestamp":"2020-08-18T15:59:03.278Z"}
{"level":"info","message":"Listening on port 3000...","timestamp":"2020-08-18T15:59:03.294Z"}
{"level":"info","message":"Listening on port 3000...","timestamp":"2020-08-18T15:59:06.197Z"}
{"level":"info","message":"Connected to mongodb://localhost/vidly_tests...","timestamp":"2020-08-18T15:59:06.227Z"}
{"level":"info","message":"Connected to mongodb://localhost/vidly_tests...","timestamp":"2020-08-18T15:59:06.230Z"}
{"level":"info","message":"Listening on port 3000...","timestamp":"2020-08-18T15:59:06.242Z"}
{"level":"info","message":"Connected to mongodb://localhost/vidly_tests...","timestamp":"2020-08-18T15:59:06.247Z"}
{"level":"info","message":"Listening on port 3000...","timestamp":"2020-08-18T15:59:06.258Z"}
{"level":"info","message":"Listening on port 3000...","timestamp":"2020-08-18T16:00:26.774Z"}
{"level":"info","message":"Connected to mongodb://localhost/vidly_tests...","timestamp":"2020-08-18T16:00:26.807Z"}
{"level":"info","message":"Connected to mongodb://localhost/vidly_tests...","timestamp":"2020-08-18T16:00:26.819Z"}
{"level":"info","message":"Listening on port 3000...","timestamp":"2020-08-18T16:00:26.830Z"}
{"level":"info","message":"Listening on port 3000...","timestamp":"2020-08-18T16:00:27.032Z"}
{"level":"info","message":"Connected to mongodb://localhost/vidly_tests...","timestamp":"2020-08-18T16:00:27.049Z"}
{"level":"info","message":"Listening on port 3000...","timestamp":"2020-08-18T16:01:11.262Z"}
{"level":"info","message":"Connected to mongodb://localhost/vidly_tests...","timestamp":"2020-08-18T16:01:11.295Z"}
{"level":"info","message":"Connected to mongodb://localhost/vidly_tests...","timestamp":"2020-08-18T16:01:11.306Z"}
{"level":"info","message":"Listening on port 3000...","timestamp":"2020-08-18T16:01:11.317Z"}
{"level":"info","message":"Listening on port 3000...","timestamp":"2020-08-18T16:01:11.512Z"}
{"level":"info","message":"Connected to mongodb://localhost/vidly_tests...","timestamp":"2020-08-18T16:01:11.528Z"}
{"level":"info","message":"Listening on port 3000...","timestamp":"2020-08-18T16:05:37.297Z"}
{"level":"info","message":"Connected to mongodb://localhost/vidly_tests...","timestamp":"2020-08-18T16:05:37.330Z"}
{"level":"info","message":"Connected to mongodb://localhost/vidly_tests...","timestamp":"2020-08-18T16:05:37.338Z"}
{"level":"info","message":"Listening on port 3000...","timestamp":"2020-08-18T16:05:37.350Z"}
{"level":"info","message":"Connected to mongodb://localhost/vidly_tests...","timestamp":"2020-08-18T16:05:37.352Z"}
{"level":"info","message":"Listening on port 3000...","timestamp":"2020-08-18T16:05:37.367Z"}
{"level":"info","message":"Listening on port 3000...","timestamp":"2020-08-18T16:06:13.882Z"}
{"level":"info","message":"Connected to mongodb://localhost/vidly_tests...","timestamp":"2020-08-18T16:06:13.915Z"}
{"level":"info","message":"Connected to mongodb://localhost/vidly_tests...","timestamp":"2020-08-18T16:06:13.921Z"}
{"level":"info","message":"Connected to mongodb://localhost/vidly_tests...","timestamp":"2020-08-18T16:06:13.924Z"}
{"level":"info","message":"Listening on port 3000...","timestamp":"2020-08-18T16:06:13.937Z"}
{"level":"info","message":"Listening on port 3000...","timestamp":"2020-08-18T16:06:13.937Z"}
{"level":"info","message":"Listening on port 3000...","timestamp":"2020-08-18T16:09:10.296Z"}
{"level":"info","message":"Listening on port 3000...","timestamp":"2020-08-18T16:09:10.300Z"}
{"level":"info","message":"Connected to mongodb://localhost/vidly_tests...","timestamp":"2020-08-18T16:09:10.312Z"}
{"level":"info","message":"Connected to mongodb://localhost/vidly_tests...","timestamp":"2020-08-18T16:09:10.318Z"}
{"level":"info","message":"Listening on port 3000...","timestamp":"2020-08-18T16:09:10.329Z"}
{"level":"info","message":"Connected to mongodb://localhost/vidly_tests...","timestamp":"2020-08-18T16:09:10.332Z"}
{"level":"info","message":"Listening on port 3000...","timestamp":"2020-08-18T16:13:22.796Z"}
{"level":"info","message":"Connected to mongodb://localhost/vidly_tests...","timestamp":"2020-08-18T16:13:22.812Z"}
{"level":"info","message":"Listening on port 3000...","timestamp":"2020-08-18T16:13:22.806Z"}
{"level":"info","message":"Connected to mongodb://localhost/vidly_tests...","timestamp":"2020-08-18T16:13:22.823Z"}
{"level":"info","message":"Listening on port 3000...","timestamp":"2020-08-18T16:13:22.834Z"}
{"level":"info","message":"Connected to mongodb://localhost/vidly_tests...","timestamp":"2020-08-18T16:13:22.838Z"}
{"level":"info","message":"Listening on port 3000...","timestamp":"2020-08-18T16:13:37.848Z"}
{"level":"info","message":"Listening on port 3000...","timestamp":"2020-08-18T16:13:37.852Z"}
{"level":"info","message":"Connected to mongodb://localhost/vidly_tests...","timestamp":"2020-08-18T16:13:37.864Z"}
{"level":"info","message":"Connected to mongodb://localhost/vidly_tests...","timestamp":"2020-08-18T16:13:37.878Z"}
{"level":"info","message":"Connected to mongodb://localhost/vidly_tests...","timestamp":"2020-08-18T16:13:37.885Z"}
{"level":"info","message":"Listening on port 3000...","timestamp":"2020-08-18T16:13:37.889Z"}
{"level":"info","message":"Listening on port 3000...","timestamp":"2020-08-18T16:13:40.821Z"}
{"level":"info","message":"Connected to mongodb://localhost/vidly_tests...","timestamp":"2020-08-18T16:13:40.847Z"}
{"level":"info","message":"Connected to mongodb://localhost/vidly_tests...","timestamp":"2020-08-18T16:13:40.854Z"}
{"level":"info","message":"Listening on port 3000...","timestamp":"2020-08-18T16:13:40.858Z"}
{"level":"info","message":"Connected to mongodb://localhost/vidly_tests...","timestamp":"2020-08-18T16:13:40.876Z"}
{"level":"info","message":"Listening on port 3000...","timestamp":"2020-08-18T16:13:40.894Z"}
{"level":"info","message":"Listening on port 3000...","timestamp":"2020-08-18T16:16:11.976Z"}
{"level":"info","message":"Connected to mongodb://localhost/vidly_tests...","timestamp":"2020-08-18T16:16:12.009Z"}
{"level":"info","message":"Connected to mongodb://localhost/vidly_tests...","timestamp":"2020-08-18T16:16:12.006Z"}
{"level":"info","message":"Listening on port 3000...","timestamp":"2020-08-18T16:16:12.017Z"}
{"level":"info","message":"Connected to mongodb://localhost/vidly_tests...","timestamp":"2020-08-18T16:16:12.017Z"}
{"level":"info","message":"Listening on port 3000...","timestamp":"2020-08-18T16:16:12.034Z"}
{"level":"info","message":"Listening on port 3000...","timestamp":"2020-08-18T16:17:44.199Z"}
{"level":"info","message":"Connected to mongodb://localhost/vidly_tests...","timestamp":"2020-08-18T16:17:44.215Z"}
{"level":"info","message":"Listening on port 3000...","timestamp":"2020-08-18T16:17:44.205Z"}
{"level":"info","message":"Connected to mongodb://localhost/vidly_tests...","timestamp":"2020-08-18T16:17:44.232Z"}
{"level":"info","message":"Connected to mongodb://localhost/vidly_tests...","timestamp":"2020-08-18T16:17:44.237Z"}
{"level":"info","message":"Listening on port 3000...","timestamp":"2020-08-18T16:17:44.243Z"}
{"level":"info","message":"Listening on port 3000...","timestamp":"2020-08-18T16:24:38.659Z"}
{"level":"info","message":"Connected to mongodb://localhost/vidly_tests...","timestamp":"2020-08-18T16:24:38.691Z"}
{"level":"info","message":"Connected to mongodb://localhost/vidly_tests...","timestamp":"2020-08-18T16:24:38.691Z"}
{"level":"info","message":"Listening on port 3000...","timestamp":"2020-08-18T16:24:38.708Z"}
{"level":"info","message":"Listening on port 3000...","timestamp":"2020-08-18T16:24:38.940Z"}
{"level":"info","message":"Connected to mongodb://localhost/vidly_tests...","timestamp":"2020-08-18T16:24:38.954Z"}
{"level":"info","message":"Listening on port 3000...","timestamp":"2020-08-18T16:24:54.388Z"}
{"level":"info","message":"Listening on port 3000...","timestamp":"2020-08-18T16:24:54.392Z"}
{"level":"info","message":"Connected to mongodb://localhost/vidly_tests...","timestamp":"2020-08-18T16:24:54.406Z"}
{"level":"info","message":"Connected to mongodb://localhost/vidly_tests...","timestamp":"2020-08-18T16:24:54.418Z"}
{"level":"info","message":"Connected to mongodb://localhost/vidly_tests...","timestamp":"2020-08-18T16:24:54.424Z"}
{"level":"info","message":"Listening on port 3000...","timestamp":"2020-08-18T16:24:54.428Z"}
{"level":"info","message":"Listening on port 3000...","timestamp":"2020-08-18T16:29:23.213Z"}
{"level":"info","message":"Connected to mongodb://localhost/vidly_tests...","timestamp":"2020-08-18T16:29:23.247Z"}
{"level":"info","message":"Listening on port 3000...","timestamp":"2020-08-18T16:29:23.244Z"}
{"level":"info","message":"Listening on port 3000...","timestamp":"2020-08-18T16:29:23.263Z"}
{"level":"info","message":"Connected to mongodb://localhost/vidly_tests...","timestamp":"2020-08-18T16:29:23.277Z"}
{"level":"info","message":"Connected to mongodb://localhost/vidly_tests...","timestamp":"2020-08-18T16:29:23.279Z"}
{"level":"info","message":"Connected to mongodb://localhost/vidly_tests...","timestamp":"2020-08-18T16:29:23.285Z"}
{"level":"info","message":"Connected to mongodb://localhost/vidly_tests...","timestamp":"2020-08-18T16:29:23.290Z"}
{"level":"info","message":"Connected to mongodb://localhost/vidly_tests...","timestamp":"2020-08-18T16:29:23.292Z"}
{"level":"info","message":"Listening on port 3000...","timestamp":"2020-08-18T16:29:23.296Z"}
{"level":"info","message":"Listening on port 3000...","timestamp":"2020-08-18T16:29:23.303Z"}
{"level":"info","message":"Listening on port 3000...","timestamp":"2020-08-18T16:29:23.306Z"}
{"level":"info","message":"Listening on port 3000...","timestamp":"2020-08-18T16:30:21.155Z"}
{"level":"info","message":"Connected to mongodb://localhost/vidly_tests...","timestamp":"2020-08-18T16:30:21.188Z"}
{"level":"info","message":"Listening on port 3000...","timestamp":"2020-08-18T16:30:21.191Z"}
{"level":"info","message":"Connected to mongodb://localhost/vidly_tests...","timestamp":"2020-08-18T16:30:21.212Z"}
{"level":"info","message":"Connected to mongodb://localhost/vidly_tests...","timestamp":"2020-08-18T16:30:21.212Z"}
{"level":"info","message":"Connected to mongodb://localhost/vidly_tests...","timestamp":"2020-08-18T16:30:21.224Z"}
{"level":"info","message":"Listening on port 3000...","timestamp":"2020-08-18T16:30:21.229Z"}
{"level":"info","message":"Listening on port 3000...","timestamp":"2020-08-18T16:30:21.230Z"}
{"level":"info","message":"Listening on port 3000...","timestamp":"2020-08-18T16:30:21.450Z"}
{"level":"info","message":"Connected to mongodb://localhost/vidly_tests...","timestamp":"2020-08-18T16:30:21.464Z"}
{"level":"info","message":"Connected to mongodb://localhost/vidly_tests...","timestamp":"2020-08-18T16:30:21.474Z"}
{"level":"info","message":"Listening on port 3000...","timestamp":"2020-08-18T16:30:21.484Z"}
{"level":"info","message":"Listening on port 3000...","timestamp":"2020-08-18T16:30:35.291Z"}
{"level":"info","message":"Connected to mongodb://localhost/vidly_tests...","timestamp":"2020-08-18T16:30:35.308Z"}
{"level":"info","message":"Listening on port 3000...","timestamp":"2020-08-18T16:30:35.301Z"}
{"level":"info","message":"Connected to mongodb://localhost/vidly_tests...","timestamp":"2020-08-18T16:30:35.322Z"}
{"level":"info","message":"Connected to mongodb://localhost/vidly_tests...","timestamp":"2020-08-18T16:30:35.333Z"}
{"level":"info","message":"Listening on port 3000...","timestamp":"2020-08-18T16:30:35.335Z"}
{"level":"info","message":"Listening on port 3000...","timestamp":"2020-08-18T16:33:12.795Z"}
{"level":"info","message":"Connected to mongodb://localhost/vidly_tests...","timestamp":"2020-08-18T16:33:12.811Z"}
{"level":"info","message":"Listening on port 3000...","timestamp":"2020-08-18T16:33:12.822Z"}
{"level":"info","message":"Connected to mongodb://localhost/vidly_tests...","timestamp":"2020-08-18T16:33:12.829Z"}
{"level":"info","message":"Listening on port 3000...","timestamp":"2020-08-18T16:33:12.830Z"}
{"level":"info","message":"Listening on port 3000...","timestamp":"2020-08-18T16:33:12.845Z"}
{"level":"info","message":"Connected to mongodb://localhost/vidly_tests...","timestamp":"2020-08-18T16:33:12.847Z"}
{"level":"info","message":"Connected to mongodb://localhost/vidly_tests...","timestamp":"2020-08-18T16:33:12.854Z"}
{"level":"info","message":"Listening on port 3000...","timestamp":"2020-08-18T16:33:12.857Z"}
{"level":"info","message":"Connected to mongodb://localhost/vidly_tests...","timestamp":"2020-08-18T16:33:12.859Z"}
{"level":"info","message":"Connected to mongodb://localhost/vidly_tests...","timestamp":"2020-08-18T16:33:12.862Z"}
{"level":"info","message":"Listening on port 3000...","timestamp":"2020-08-18T16:33:12.869Z"}
{"level":"info","message":"Listening on port 3000...","timestamp":"2020-08-18T16:36:40.146Z"}
{"level":"info","message":"Connected to mongodb://localhost/vidly...","timestamp":"2020-08-18T16:36:40.160Z"}
{"level":"info","message":"Listening on port 3000...","timestamp":"2020-08-18T16:45:47.444Z"}
{"level":"info","message":"Connected to mongodb://localhost/vidly_tests...","timestamp":"2020-08-18T16:45:47.460Z"}
{"level":"info","message":"Listening on port 3000...","timestamp":"2020-08-18T16:45:47.456Z"}
{"level":"info","message":"Connected to mongodb://localhost/vidly_tests...","timestamp":"2020-08-18T16:45:47.474Z"}
{"level":"info","message":"Listening on port 3000...","timestamp":"2020-08-18T16:45:47.485Z"}
{"level":"info","message":"Connected to mongodb://localhost/vidly_tests...","timestamp":"2020-08-18T16:45:47.488Z"}
{"level":"info","message":"Listening on port 3000...","timestamp":"2020-08-18T16:47:01.816Z"}
{"level":"info","message":"Connected to mongodb://localhost/vidly_tests...","timestamp":"2020-08-18T16:47:01.849Z"}
{"level":"info","message":"Listening on port 3000...","timestamp":"2020-08-18T16:47:01.865Z"}
{"level":"info","message":"Connected to mongodb://localhost/vidly_tests...","timestamp":"2020-08-18T16:47:01.879Z"}
{"level":"info","message":"Connected to mongodb://localhost/vidly_tests...","timestamp":"2020-08-18T16:47:01.885Z"}
{"level":"info","message":"Listening on port 3000...","timestamp":"2020-08-18T16:47:01.907Z"}
{"level":"info","message":"Listening on port 3000...","timestamp":"2020-08-18T16:47:45.733Z"}
{"level":"info","message":"Connected to mongodb://localhost/vidly_tests...","timestamp":"2020-08-18T16:47:45.753Z"}
{"level":"info","message":"Listening on port 3000...","timestamp":"2020-08-18T16:47:54.415Z"}
{"level":"info","message":"Connected to mongodb://localhost/vidly_tests...","timestamp":"2020-08-18T16:47:54.442Z"}
{"level":"info","message":"Listening on port 3000...","timestamp":"2020-08-18T16:48:32.840Z"}
{"level":"info","message":"Connected to mongodb://localhost/vidly_tests...","timestamp":"2020-08-18T16:48:32.871Z"}
{"level":"info","message":"Listening on port 3000...","timestamp":"2020-08-18T16:49:04.277Z"}
{"level":"info","message":"Connected to mongodb://localhost/vidly_tests...","timestamp":"2020-08-18T16:49:04.299Z"}
{"level":"info","message":"Listening on port 3000...","timestamp":"2020-08-18T16:50:56.006Z"}
{"level":"info","message":"Connected to mongodb://localhost/vidly_tests...","timestamp":"2020-08-18T16:50:56.025Z"}
{"level":"info","message":"Listening on port 3000...","timestamp":"2020-08-18T16:50:56.907Z"}
{"level":"info","message":"Connected to mongodb://localhost/vidly_tests...","timestamp":"2020-08-18T16:50:56.937Z"}
{"level":"info","message":"Listening on port 3000...","timestamp":"2020-08-18T16:52:11.415Z"}
{"level":"info","message":"Connected to mongodb://localhost/vidly_tests...","timestamp":"2020-08-18T16:52:11.448Z"}
{"level":"info","message":"Connected to mongodb://localhost/vidly_tests...","timestamp":"2020-08-18T16:52:11.444Z"}
{"level":"info","message":"Connected to mongodb://localhost/vidly_tests...","timestamp":"2020-08-18T16:52:11.448Z"}
{"level":"info","message":"Listening on port 3000...","timestamp":"2020-08-18T16:52:11.455Z"}
{"level":"info","message":"Listening on port 3000...","timestamp":"2020-08-18T16:52:11.464Z"}
{"level":"info","message":"Listening on port 3000...","timestamp":"2020-08-18T16:52:14.423Z"}
{"level":"info","message":"Connected to mongodb://localhost/vidly_tests...","timestamp":"2020-08-18T16:52:14.453Z"}
{"level":"info","message":"Connected to mongodb://localhost/vidly_tests...","timestamp":"2020-08-18T16:52:14.456Z"}
{"level":"info","message":"Connected to mongodb://localhost/vidly_tests...","timestamp":"2020-08-18T16:52:14.459Z"}
{"level":"info","message":"Listening on port 3000...","timestamp":"2020-08-18T16:52:14.468Z"}
{"level":"info","message":"Listening on port 3000...","timestamp":"2020-08-18T16:52:14.470Z"}
{"level":"info","message":"Listening on port 3000...","timestamp":"2020-08-18T16:53:36.569Z"}
{"level":"info","message":"Connected to mongodb://localhost/vidly_tests...","timestamp":"2020-08-18T16:53:36.602Z"}
{"level":"info","message":"Connected to mongodb://localhost/vidly_tests...","timestamp":"2020-08-18T16:53:36.604Z"}
{"level":"info","message":"Connected to mongodb://localhost/vidly_tests...","timestamp":"2020-08-18T16:53:36.610Z"}
{"level":"info","message":"Listening on port 3000...","timestamp":"2020-08-18T16:53:36.615Z"}
{"level":"info","message":"Listening on port 3000...","timestamp":"2020-08-18T16:53:36.625Z"}
{"level":"info","message":"Listening on port 3000...","timestamp":"2020-08-18T16:54:13.793Z"}
{"level":"info","message":"Connected to mongodb://localhost/vidly_tests...","timestamp":"2020-08-18T16:54:13.826Z"}
{"level":"info","message":"Connected to mongodb://localhost/vidly_tests...","timestamp":"2020-08-18T16:54:13.833Z"}
{"level":"info","message":"Connected to mongodb://localhost/vidly_tests...","timestamp":"2020-08-18T16:54:13.836Z"}
{"level":"info","message":"Listening on port 3000...","timestamp":"2020-08-18T16:54:13.847Z"}
{"level":"info","message":"Listening on port 3000...","timestamp":"2020-08-18T16:54:13.848Z"}
{"level":"info","message":"Listening on port 3000...","timestamp":"2020-08-18T16:54:16.789Z"}
{"level":"info","message":"Connected to mongodb://localhost/vidly_tests...","timestamp":"2020-08-18T16:54:16.823Z"}
{"level":"info","message":"Connected to mongodb://localhost/vidly_tests...","timestamp":"2020-08-18T16:54:16.832Z"}
{"level":"info","message":"Connected to mongodb://localhost/vidly_tests...","timestamp":"2020-08-18T16:54:16.838Z"}
{"level":"info","message":"Listening on port 3000...","timestamp":"2020-08-18T16:54:16.849Z"}
{"level":"info","message":"Listening on port 3000...","timestamp":"2020-08-18T16:54:16.849Z"}
{"level":"info","message":"Listening on port 3000...","timestamp":"2020-08-18T16:54:16.880Z"}
{"level":"info","message":"Connected to mongodb://localhost/vidly_tests...","timestamp":"2020-08-18T16:54:16.896Z"}
{"level":"info","message":"Listening on port 3000...","timestamp":"2020-08-18T16:54:16.886Z"}
{"level":"info","message":"Connected to mongodb://localhost/vidly_tests...","timestamp":"2020-08-18T16:54:16.912Z"}
{"level":"info","message":"Connected to mongodb://localhost/vidly_tests...","timestamp":"2020-08-18T16:54:16.922Z"}
{"level":"info","message":"Listening on port 3000...","timestamp":"2020-08-18T16:54:16.923Z"}
{"message":"No document found for query \"{ _id: 5f3c07b8f8defc62c8cf752d }\" on model \"Rental\"","stack":"DocumentNotFoundError: No document found for query \"{ _id: 5f3c07b8f8defc62c8cf752d }\" on model \"Rental\"\n    at C:\\Users\\Henry\\Documents\\Node\\vidly\\node_modules\\mongoose\\lib\\model.js:391:17\n    at C:\\Users\\Henry\\Documents\\Node\\vidly\\node_modules\\mongoose\\lib\\model.js:316:9\n    at executeCallback (C:\\Users\\Henry\\Documents\\Node\\vidly\\node_modules\\mongodb\\lib\\operations\\execute_operation.js:70:5)\n    at updateCallback (C:\\Users\\Henry\\Documents\\Node\\vidly\\node_modules\\mongodb\\lib\\operations\\update_one.js:46:3)\n    at C:\\Users\\Henry\\Documents\\Node\\vidly\\node_modules\\mongodb\\lib\\operations\\update_one.js:29:64\n    at handleCallback (C:\\Users\\Henry\\Documents\\Node\\vidly\\node_modules\\mongodb\\lib\\utils.js:102:55)\n    at C:\\Users\\Henry\\Documents\\Node\\vidly\\node_modules\\mongodb\\lib\\operations\\common_functions.js:381:5\n    at handler (C:\\Users\\Henry\\Documents\\Node\\vidly\\node_modules\\mongodb\\lib\\core\\sdam\\topology.js:942:24)\n    at C:\\Users\\Henry\\Documents\\Node\\vidly\\node_modules\\mongodb\\lib\\cmap\\connection_pool.js:356:13\n    at handleOperationResult (C:\\Users\\Henry\\Documents\\Node\\vidly\\node_modules\\mongodb\\lib\\core\\sdam\\server.js:558:5)\n    at MessageStream.messageHandler (C:\\Users\\Henry\\Documents\\Node\\vidly\\node_modules\\mongodb\\lib\\cmap\\connection.js:275:5)\n    at MessageStream.emit (events.js:310:20)\n    at processIncomingData (C:\\Users\\Henry\\Documents\\Node\\vidly\\node_modules\\mongodb\\lib\\cmap\\message_stream.js:144:12)\n    at MessageStream._write (C:\\Users\\Henry\\Documents\\Node\\vidly\\node_modules\\mongodb\\lib\\cmap\\message_stream.js:42:5)\n    at doWrite (_stream_writable.js:403:12)\n    at writeOrBuffer (_stream_writable.js:387:5)\n    at MessageStream.Writable.write (_stream_writable.js:318:11)\n    at Socket.ondata (_stream_readable.js:695:22)\n    at Socket.emit (events.js:310:20)\n    at addChunk (_stream_readable.js:286:12)\n    at readableAddChunk (_stream_readable.js:268:9)\n    at Socket.Readable.push (_stream_readable.js:209:10)","result":{"result":{"n":0,"nModified":0,"ok":1},"connection":{"_events":{},"_eventsCount":4,"id":1,"address":"127.0.0.1:27017","bson":{},"socketTimeout":360000,"monitorCommands":false,"closed":false,"destroyed":false,"lastIsMasterMS":2},"modifiedCount":0,"upsertedId":null,"upsertedCount":0,"matchedCount":0,"$where":{"_id":"5f3c07b8f8defc62c8cf752d"},"n":0,"nModified":0,"ok":1},"numAffected":0,"filter":{"_id":"5f3c07b8f8defc62c8cf752d"},"query":{"_id":"5f3c07b8f8defc62c8cf752d"},"level":"error","timestamp":"2020-08-18T16:54:16.960Z"}
{"level":"info","message":"Listening on port 3000...","timestamp":"2020-08-18T16:54:19.960Z"}
{"level":"info","message":"Listening on port 3000...","timestamp":"2020-08-18T16:54:19.965Z"}
{"level":"info","message":"Connected to mongodb://localhost/vidly_tests...","timestamp":"2020-08-18T16:54:19.976Z"}
{"level":"info","message":"Connected to mongodb://localhost/vidly_tests...","timestamp":"2020-08-18T16:54:20.001Z"}
{"level":"info","message":"Listening on port 3000...","timestamp":"2020-08-18T16:54:19.994Z"}
{"level":"info","message":"Connected to mongodb://localhost/vidly_tests...","timestamp":"2020-08-18T16:54:20.009Z"}
{"level":"info","message":"Connected to mongodb://localhost/vidly_tests...","timestamp":"2020-08-18T16:54:20.013Z"}
{"level":"info","message":"Connected to mongodb://localhost/vidly_tests...","timestamp":"2020-08-18T16:54:20.016Z"}
{"level":"info","message":"Listening on port 3000...","timestamp":"2020-08-18T16:54:20.020Z"}
{"level":"info","message":"Listening on port 3000...","timestamp":"2020-08-18T16:54:20.024Z"}
{"level":"info","message":"Connected to mongodb://localhost/vidly_tests...","timestamp":"2020-08-18T16:54:20.026Z"}
{"level":"info","message":"Listening on port 3000...","timestamp":"2020-08-18T16:54:20.032Z"}
{"message":"No document found for query \"{ _id: 5f3c07bc3c562d5b9cb7a5b7 }\" on model \"Rental\"","stack":"DocumentNotFoundError: No document found for query \"{ _id: 5f3c07bc3c562d5b9cb7a5b7 }\" on model \"Rental\"\n    at C:\\Users\\Henry\\Documents\\Node\\vidly\\node_modules\\mongoose\\lib\\model.js:391:17\n    at C:\\Users\\Henry\\Documents\\Node\\vidly\\node_modules\\mongoose\\lib\\model.js:316:9\n    at executeCallback (C:\\Users\\Henry\\Documents\\Node\\vidly\\node_modules\\mongodb\\lib\\operations\\execute_operation.js:70:5)\n    at updateCallback (C:\\Users\\Henry\\Documents\\Node\\vidly\\node_modules\\mongodb\\lib\\operations\\update_one.js:46:3)\n    at C:\\Users\\Henry\\Documents\\Node\\vidly\\node_modules\\mongodb\\lib\\operations\\update_one.js:29:64\n    at handleCallback (C:\\Users\\Henry\\Documents\\Node\\vidly\\node_modules\\mongodb\\lib\\utils.js:102:55)\n    at C:\\Users\\Henry\\Documents\\Node\\vidly\\node_modules\\mongodb\\lib\\operations\\common_functions.js:381:5\n    at handler (C:\\Users\\Henry\\Documents\\Node\\vidly\\node_modules\\mongodb\\lib\\core\\sdam\\topology.js:942:24)\n    at C:\\Users\\Henry\\Documents\\Node\\vidly\\node_modules\\mongodb\\lib\\cmap\\connection_pool.js:356:13\n    at handleOperationResult (C:\\Users\\Henry\\Documents\\Node\\vidly\\node_modules\\mongodb\\lib\\core\\sdam\\server.js:558:5)\n    at MessageStream.messageHandler (C:\\Users\\Henry\\Documents\\Node\\vidly\\node_modules\\mongodb\\lib\\cmap\\connection.js:275:5)\n    at MessageStream.emit (events.js:310:20)\n    at processIncomingData (C:\\Users\\Henry\\Documents\\Node\\vidly\\node_modules\\mongodb\\lib\\cmap\\message_stream.js:144:12)\n    at MessageStream._write (C:\\Users\\Henry\\Documents\\Node\\vidly\\node_modules\\mongodb\\lib\\cmap\\message_stream.js:42:5)\n    at doWrite (_stream_writable.js:403:12)\n    at writeOrBuffer (_stream_writable.js:387:5)\n    at MessageStream.Writable.write (_stream_writable.js:318:11)\n    at Socket.ondata (_stream_readable.js:695:22)\n    at Socket.emit (events.js:310:20)\n    at addChunk (_stream_readable.js:286:12)\n    at readableAddChunk (_stream_readable.js:268:9)\n    at Socket.Readable.push (_stream_readable.js:209:10)","result":{"result":{"n":0,"nModified":0,"ok":1},"connection":{"_events":{},"_eventsCount":4,"id":1,"address":"127.0.0.1:27017","bson":{},"socketTimeout":360000,"monitorCommands":false,"closed":false,"destroyed":false,"lastIsMasterMS":1},"modifiedCount":0,"upsertedId":null,"upsertedCount":0,"matchedCount":0,"$where":{"_id":"5f3c07bc3c562d5b9cb7a5b7"},"n":0,"nModified":0,"ok":1},"numAffected":0,"filter":{"_id":"5f3c07bc3c562d5b9cb7a5b7"},"query":{"_id":"5f3c07bc3c562d5b9cb7a5b7"},"level":"error","timestamp":"2020-08-18T16:54:20.081Z"}
{"level":"info","message":"Listening on port 3000...","timestamp":"2020-08-18T16:55:45.910Z"}
{"level":"info","message":"Listening on port 3000...","timestamp":"2020-08-18T16:55:45.918Z"}
{"level":"info","message":"Connected to mongodb://localhost/vidly_tests...","timestamp":"2020-08-18T16:55:45.940Z"}
{"level":"info","message":"Connected to mongodb://localhost/vidly_tests...","timestamp":"2020-08-18T16:55:45.944Z"}
{"level":"info","message":"Connected to mongodb://localhost/vidly_tests...","timestamp":"2020-08-18T16:55:45.943Z"}
{"level":"info","message":"Listening on port 3000...","timestamp":"2020-08-18T16:55:45.951Z"}
{"level":"info","message":"Connected to mongodb://localhost/vidly_tests...","timestamp":"2020-08-18T16:55:45.951Z"}
{"level":"info","message":"Listening on port 3000...","timestamp":"2020-08-18T16:55:45.954Z"}
{"level":"info","message":"Listening on port 3000...","timestamp":"2020-08-18T16:55:46.174Z"}
{"level":"info","message":"Connected to mongodb://localhost/vidly_tests...","timestamp":"2020-08-18T16:55:46.190Z"}
{"level":"info","message":"Connected to mongodb://localhost/vidly_tests...","timestamp":"2020-08-18T16:55:46.202Z"}
{"level":"info","message":"Listening on port 3000...","timestamp":"2020-08-18T16:55:46.218Z"}
{"level":"info","message":"Listening on port 3000...","timestamp":"2020-08-18T16:56:46.787Z"}
{"level":"info","message":"Listening on port 3000...","timestamp":"2020-08-18T16:56:46.790Z"}
{"level":"info","message":"Connected to mongodb://localhost/vidly_tests...","timestamp":"2020-08-18T16:56:46.803Z"}
{"level":"info","message":"Connected to mongodb://localhost/vidly_tests...","timestamp":"2020-08-18T16:56:46.813Z"}
{"level":"info","message":"Connected to mongodb://localhost/vidly_tests...","timestamp":"2020-08-18T16:56:46.822Z"}
{"level":"info","message":"Listening on port 3000...","timestamp":"2020-08-18T16:56:46.823Z"}
{"level":"info","message":"Listening on port 3000...","timestamp":"2020-08-18T17:14:53.929Z"}
{"level":"info","message":"Connected to mongodb://localhost/vidly_tests...","timestamp":"2020-08-18T17:14:53.945Z"}
{"level":"info","message":"Listening on port 3000...","timestamp":"2020-08-18T17:14:55.041Z"}
{"level":"info","message":"Connected to mongodb://localhost/vidly_tests...","timestamp":"2020-08-18T17:14:55.080Z"}
{"level":"info","message":"Listening on port 3000...","timestamp":"2020-08-18T17:14:55.978Z"}
{"level":"info","message":"Connected to mongodb://localhost/vidly_tests...","timestamp":"2020-08-18T17:14:56.003Z"}
{"level":"info","message":"Listening on port 3000...","timestamp":"2020-08-18T17:16:31.309Z"}
{"level":"info","message":"Connected to mongodb://localhost/vidly_tests...","timestamp":"2020-08-18T17:16:31.331Z"}
{"level":"info","message":"Listening on port 3000...","timestamp":"2020-08-18T17:16:38.307Z"}
{"level":"info","message":"Connected to mongodb://localhost/vidly_tests...","timestamp":"2020-08-18T17:16:38.323Z"}
{"level":"info","message":"Listening on port 3000...","timestamp":"2020-08-18T17:16:39.198Z"}
{"level":"info","message":"Connected to mongodb://localhost/vidly_tests...","timestamp":"2020-08-18T17:16:39.228Z"}
{"level":"info","message":"Listening on port 3000...","timestamp":"2020-08-18T17:17:19.755Z"}
{"level":"info","message":"Connected to mongodb://localhost/vidly_tests...","timestamp":"2020-08-18T17:17:19.774Z"}
{"level":"info","message":"Listening on port 3000...","timestamp":"2020-08-18T17:17:20.675Z"}
{"level":"info","message":"Connected to mongodb://localhost/vidly_tests...","timestamp":"2020-08-18T17:17:20.690Z"}
{"level":"info","message":"Listening on port 3000...","timestamp":"2020-08-18T17:17:21.548Z"}
{"level":"info","message":"Connected to mongodb://localhost/vidly_tests...","timestamp":"2020-08-18T17:17:21.587Z"}
{"level":"info","message":"Listening on port 3000...","timestamp":"2020-08-18T17:18:15.750Z"}
{"level":"info","message":"Connected to mongodb://localhost/vidly_tests...","timestamp":"2020-08-18T17:18:15.770Z"}
{"level":"info","message":"Listening on port 3000...","timestamp":"2020-08-18T17:18:16.665Z"}
{"level":"info","message":"Connected to mongodb://localhost/vidly_tests...","timestamp":"2020-08-18T17:18:16.679Z"}
{"level":"info","message":"Listening on port 3000...","timestamp":"2020-08-18T17:18:17.532Z"}
{"level":"info","message":"Connected to mongodb://localhost/vidly_tests...","timestamp":"2020-08-18T17:18:17.571Z"}
{"level":"info","message":"Listening on port 3000...","timestamp":"2020-08-18T17:18:52.843Z"}
{"level":"info","message":"Connected to mongodb://localhost/vidly_tests...","timestamp":"2020-08-18T17:18:52.883Z"}
{"level":"info","message":"Listening on port 3000...","timestamp":"2020-08-18T17:18:53.813Z"}
{"level":"info","message":"Connected to mongodb://localhost/vidly_tests...","timestamp":"2020-08-18T17:18:53.835Z"}
{"level":"info","message":"Listening on port 3000...","timestamp":"2020-08-18T17:18:54.699Z"}
{"level":"info","message":"Connected to mongodb://localhost/vidly_tests...","timestamp":"2020-08-18T17:18:54.733Z"}
{"level":"info","message":"Listening on port 3000...","timestamp":"2020-08-18T17:20:36.463Z"}
{"level":"info","message":"Connected to mongodb://localhost/vidly_tests...","timestamp":"2020-08-18T17:20:36.494Z"}
{"level":"info","message":"Listening on port 3000...","timestamp":"2020-08-18T17:20:37.399Z"}
{"level":"info","message":"Connected to mongodb://localhost/vidly_tests...","timestamp":"2020-08-18T17:20:37.421Z"}
{"level":"info","message":"Listening on port 3000...","timestamp":"2020-08-18T17:20:38.265Z"}
{"level":"info","message":"Connected to mongodb://localhost/vidly_tests...","timestamp":"2020-08-18T17:20:38.300Z"}
{"level":"info","message":"Listening on port 3000...","timestamp":"2020-08-18T17:21:16.820Z"}
{"level":"info","message":"Connected to mongodb://localhost/vidly_tests...","timestamp":"2020-08-18T17:21:16.853Z"}
{"level":"info","message":"Connected to mongodb://localhost/vidly_tests...","timestamp":"2020-08-18T17:21:16.864Z"}
{"level":"info","message":"Connected to mongodb://localhost/vidly_tests...","timestamp":"2020-08-18T17:21:16.871Z"}
{"level":"info","message":"Listening on port 3000...","timestamp":"2020-08-18T17:21:16.879Z"}
{"level":"info","message":"Listening on port 3000...","timestamp":"2020-08-18T17:21:16.882Z"}
{"level":"info","message":"Listening on port 3000...","timestamp":"2020-08-18T17:22:49.126Z"}
{"level":"info","message":"Connected to mongodb://localhost/vidly_tests...","timestamp":"2020-08-18T17:22:49.159Z"}
{"level":"info","message":"Connected to mongodb://localhost/vidly_tests...","timestamp":"2020-08-18T17:22:49.157Z"}
{"level":"info","message":"Listening on port 3000...","timestamp":"2020-08-18T17:22:49.168Z"}
{"level":"info","message":"Connected to mongodb://localhost/vidly_tests...","timestamp":"2020-08-18T17:22:49.180Z"}
{"level":"info","message":"Listening on port 3000...","timestamp":"2020-08-18T17:22:49.196Z"}
{"level":"info","message":"Listening on port 3000...","timestamp":"2020-08-18T17:23:08.785Z"}
{"level":"info","message":"Connected to mongodb://localhost/vidly_tests...","timestamp":"2020-08-18T17:23:08.806Z"}
{"level":"info","message":"Listening on port 3000...","timestamp":"2020-08-18T17:23:09.477Z"}
{"level":"info","message":"Connected to mongodb://localhost/vidly_tests...","timestamp":"2020-08-18T17:23:09.490Z"}
{"level":"info","message":"Listening on port 3000...","timestamp":"2020-08-18T17:23:10.117Z"}
{"level":"info","message":"Connected to mongodb://localhost/vidly_tests...","timestamp":"2020-08-18T17:23:10.139Z"}
{"level":"info","message":"Listening on port 3000...","timestamp":"2020-08-18T17:31:41.423Z"}
{"level":"info","message":"Connected to mongodb://localhost/vidly_tests...","timestamp":"2020-08-18T17:31:41.453Z"}
{"level":"info","message":"Listening on port 3000...","timestamp":"2020-08-18T17:31:42.123Z"}
{"level":"info","message":"Connected to mongodb://localhost/vidly_tests...","timestamp":"2020-08-18T17:31:42.136Z"}
{"level":"info","message":"Listening on port 3000...","timestamp":"2020-08-18T17:31:42.746Z"}
{"level":"info","message":"Connected to mongodb://localhost/vidly_tests...","timestamp":"2020-08-18T17:31:42.768Z"}
{"level":"info","message":"Listening on port 3000...","timestamp":"2020-08-18T17:41:11.778Z"}
{"level":"info","message":"Connected to mongodb://localhost/vidly_tests...","timestamp":"2020-08-18T17:41:12.075Z"}
{"level":"info","message":"Listening on port 3000...","timestamp":"2020-08-18T17:41:12.704Z"}
{"level":"info","message":"Connected to mongodb://localhost/vidly_tests...","timestamp":"2020-08-18T17:41:12.719Z"}
